Removed Pin From Net: NetName=+5V Pin=C1-1
Removed Pin From Net: NetName=GND Pin=R2-1
Removed Pin From Net: NetName=GND Pin=R5-1
Removed Pin From Net: NetName=GND Pin=R6-1
Removed Pin From Net: NetName=+5V Pin=S1-1
Removed Pin From Net: NetName=KEY1 Pin=S1-2
Removed Pin From Net: NetName=+5V Pin=S2-1
Removed Pin From Net: NetName=KEY2 Pin=S2-2
Removed Pin From Net: NetName=+5V Pin=S3-1
Removed Pin From Net: NetName=KEY3 Pin=S3-2
Removed Pin From Net: NetName=+5V Pin=S15-1
Removed Pin From Net: NetName=KEY1 Pin=S15-2
Removed Pin From Net: NetName=+5V Pin=S15-3
Removed Pin From Net: NetName=KEY1 Pin=S15-4
Removed Pin From Net: NetName=+5V Pin=S16-1
Removed Pin From Net: NetName=KEY2 Pin=S16-2
Removed Pin From Net: NetName=+5V Pin=S16-3
Removed Pin From Net: NetName=KEY2 Pin=S16-4
Removed Pin From Net: NetName=+5V Pin=S17-1
Removed Pin From Net: NetName=KEY3 Pin=S17-2
Removed Pin From Net: NetName=+5V Pin=S17-3
Removed Pin From Net: NetName=KEY3 Pin=S17-4
Removed Pin From Net: NetName=+5V Pin=U2-1
Removed Member From Class: ClassName=DDFK Member=S1
Removed Member From Class: ClassName=DDFK Member=S2
Removed Member From Class: ClassName=DDFK Member=S3
Change Component DesignItemId : Designator=C1 Old DesignItemId=Cap New DesignItemId=Cap Pol
Change Component DesignItemId : Designator=P4 Old DesignItemId=Header 5 New DesignItemId=Header 4
Change Component DesignItemId : Designator=P2 Old DesignItemId=Header 6 New DesignItemId=Header 2
Change Component Footprint: Designator=P4 Old Footprint=xH4RALim New Footprint=xH4RA
Change Component Comment : Designator=R4 Old Comment=820 New Comment=1K
Change Component Description : Designator=SP1 Old Description= New Description=5Volt
Change Component Description : Designator=C1 Old Description=Capacitor SMD New Description=Polarized Capacitor
Change Component Description : Designator=P2 Old Description=Header, 6-Pin New Description=Header, 2-Pin
Added Component: Designator=C6(RAD0.2)
Added Component: Designator=C8(RAD0.2)
Added Component: Designator=C9(RAD0.2)
Added Component: Designator=C11(RAD0.2)
Added Component: Designator=C12(RB.15/.2)
Added Component: Designator=R1(RES0.35)
Added Component: Designator=R11(RES0.35)
Added Component: Designator=R12(RES0.35)
Added Component: Designator=R13(RES0.35)
Added Component: Designator=R14(RES0.35)
Added Component: Designator=U4(SOIC14)
Added Pin To Net: NetName=VMIC Pin=C1-1
Added Pin To Net: NetName=GND Pin=C6-1
Added Pin To Net: NetName=VMIC Pin=C6-2
Added Pin To Net: NetName=GND Pin=C8-1
Added Pin To Net: NetName=GND Pin=C9-1
Added Pin To Net: NetName=GND Pin=C11-1
Added Pin To Net: NetName=+5V Pin=C12-1
Added Pin To Net: NetName=GND Pin=C12-2
Added Pin To Net: NetName=VMIC Pin=R1-1
Added Pin To Net: NetName=+5V Pin=R1-2
Added Pin To Net: NetName=+5V Pin=R2-1
Added Pin To Net: NetName=+5V Pin=R5-1
Added Pin To Net: NetName=+5V Pin=R6-1
Added Pin To Net: NetName=GND Pin=R14-2
Added Pin To Net: NetName=VMIC Pin=U2-1
Added Pin To Net: NetName=GND Pin=U4-1
Added Pin To Net: NetName=+5V Pin=U4-2
Added Pin To Net: NetName=GND Pin=U4-8
Added Pin To Net: NetName=KEY1 Pin=U4-10
Added Pin To Net: NetName=KEY2 Pin=U4-11
Added Pin To Net: NetName=GND Pin=U4-12
Added Pin To Net: NetName=KEY3 Pin=U4-13
Added Pin To Net: NetName=NetC8_2 Pin=C8-2
Added Pin To Net: NetName=NetC8_2 Pin=R11-1
Added Pin To Net: NetName=NetC8_2 Pin=U4-4
Added Net: Name=NetC8_2
Added Pin To Net: NetName=NetC9_2 Pin=C9-2
Added Pin To Net: NetName=NetC9_2 Pin=R12-1
Added Pin To Net: NetName=NetC9_2 Pin=U4-5
Added Net: Name=NetC9_2
Added Pin To Net: NetName=NetC11_2 Pin=C11-2
Added Pin To Net: NetName=NetC11_2 Pin=R13-1
Added Pin To Net: NetName=NetC11_2 Pin=U4-6
Added Net: Name=NetC11_2
Added Pin To Net: NetName=NetR14_1 Pin=R14-1
Added Pin To Net: NetName=NetR14_1 Pin=U4-3
Added Net: Name=NetR14_1
Added Pin To Net: NetName=PAD1 Pin=R11-2
Added Net: Name=PAD1
Added Pin To Net: NetName=PAD2 Pin=R12-2
Added Net: Name=PAD2
Added Pin To Net: NetName=PAD3 Pin=R13-2
Added Net: Name=PAD3
Change Class Name : Old Net Name=DDFK New Net Name=PanelTSW
Added Member To Class: ClassName=PanelTSW Member=Component C6 100nF
Added Member To Class: ClassName=PanelTSW Member=Component C8 10pF
Added Member To Class: ClassName=PanelTSW Member=Component C9 10pF
Added Member To Class: ClassName=PanelTSW Member=Component C11 10pF
Added Member To Class: ClassName=PanelTSW Member=Component C12 1uF
Added Member To Class: ClassName=PanelTSW Member=Component R1 10
Added Member To Class: ClassName=PanelTSW Member=Component R3 22
Added Member To Class: ClassName=PanelTSW Member=Component R11 220
Added Member To Class: ClassName=PanelTSW Member=Component R12 220
Added Member To Class: ClassName=PanelTSW Member=Component R13 220
Added Member To Class: ClassName=PanelTSW Member=Component R14 510K
Added Member To Class: ClassName=PanelTSW Member=Component U4 TS04-SOC14
