Added Component: Designator=C1(RB.1/.2)
Added Component: Designator=C2(RAD0.1)
Added Component: Designator=C3(RAD0.1)
Added Component: Designator=D1(LED0.3)
Added Component: Designator=D2(LED0.5-L)
Added Component: Designator=Q1(TO92BS2)
Added Component: Designator=R1(RES0.35)
Added Component: Designator=S1(PUSHBOT2)
Added Component: Designator=U1(DIP16)
Added Component: Designator=Y1(XTALRLOB)
Added Pin To Net: NetName=+BAT Pin=C1-1
Added Pin To Net: NetName=+BAT Pin=R1-2
Added Pin To Net: NetName=+BAT Pin=U1-16
Added Net: Name=+BAT
Added Pin To Net: NetName=-BAT Pin=C1-2
Added Pin To Net: NetName=-BAT Pin=C2-1
Added Pin To Net: NetName=-BAT Pin=C3-1
Added Pin To Net: NetName=-BAT Pin=D1-2
Added Pin To Net: NetName=-BAT Pin=Q1-3
Added Pin To Net: NetName=-BAT Pin=S1-1
Added Pin To Net: NetName=-BAT Pin=U1-8
Added Net: Name=-BAT
Added Pin To Net: NetName=NetC2_2 Pin=C2-2
Added Pin To Net: NetName=NetC2_2 Pin=U1-13
Added Pin To Net: NetName=NetC2_2 Pin=Y1-1
Added Net: Name=NetC2_2
Added Pin To Net: NetName=NetC3_2 Pin=C3-2
Added Pin To Net: NetName=NetC3_2 Pin=U1-12
Added Pin To Net: NetName=NetC3_2 Pin=Y1-2
Added Net: Name=NetC3_2
Added Pin To Net: NetName=NetD1_1 Pin=D1-1
Added Pin To Net: NetName=NetD1_1 Pin=U1-14
Added Net: Name=NetD1_1
Added Pin To Net: NetName=NetD2_1 Pin=D2-1
Added Pin To Net: NetName=NetD2_1 Pin=R1-1
Added Net: Name=NetD2_1
Added Pin To Net: NetName=NetD2_2 Pin=D2-2
Added Pin To Net: NetName=NetD2_2 Pin=Q1-2
Added Net: Name=NetD2_2
Added Pin To Net: NetName=NetQ1_1 Pin=Q1-1
Added Pin To Net: NetName=NetQ1_1 Pin=U1-15
Added Net: Name=NetQ1_1
Added Pin To Net: NetName=NetS1_2 Pin=S1-2
Added Pin To Net: NetName=NetS1_2 Pin=U1-4
Added Net: Name=NetS1_2
Added Class: Name=remoteFK01
Added Room: Name=remoteFK01
